<?xml version="1.0" encoding="UTF-8"?>
<!-- Generated by org.testng.reporters.JUnitXMLReporter -->
<testsuite ignored="1" hostname="LAPTOP-5KMFOFH9" failures="0" tests="1" name="Default test" time="0.527" errors="0" timestamp="2024-06-18T21:57:01 IST">
  <testcase classname="apiTest.Serialization_Deserialization" name="deserialization" time="0.456"/>
  <testcase classname="apiTest.Serialization_Deserialization" name="serializationTest" time="0.0">
    <ignored/>
  </testcase> <!-- serializationTest -->
</testsuite> <!-- Default test -->
