<?xml version="1.0" encoding="UTF-8"?>
<!-- Generated by org.testng.reporters.JUnitXMLReporter -->
<testsuite ignored="0" hostname="LAPTOP-5KMFOFH9" failures="0" tests="3" name="Default test" time="4.698" errors="0" timestamp="2024-06-20T14:43:34 IST">
  <testcase classname="httpMethods.SameUserCreate_Update_Delete" name="createNewUser" time="3.709"/>
  <testcase classname="httpMethods.SameUserCreate_Update_Delete" name="updateSameUser" time="0.52"/>
  <testcase classname="httpMethods.SameUserCreate_Update_Delete" name="deleteSameUser" time="0.401"/>
</testsuite> <!-- Default test -->
