<?xml version="1.0" encoding="UTF-8"?>
<testng-results ignored="0" total="1" passed="1" failed="0" skipped="0">
  <reporter-output>
  </reporter-output>
  <suite started-at="2024-06-17T22:21:07 IST" name="Default suite" finished-at="2024-06-17T22:21:13 IST" duration-ms="5865">
    <groups>
    </groups>
    <test started-at="2024-06-17T22:21:07 IST" name="Default test" finished-at="2024-06-17T22:21:13 IST" duration-ms="5865">
      <class name="httpMethods.POSTRequest">
        <test-method signature="postWithHashMap()[pri:0, instance:httpMethods.POSTRequest@611889f4]" started-at="2024-06-17T22:21:07 IST" name="postWithHashMap" finished-at="2024-06-17T22:21:13 IST" duration-ms="5787" status="PASS">
          <reporter-output>
          </reporter-output>
        </test-method> <!-- postWithHashMap -->
      </class> <!-- httpMethods.POSTRequest -->
    </test> <!-- Default test -->
  </suite> <!-- Default suite -->
</testng-results>
