<?xml version="1.0" encoding="UTF-8"?>
<testng-results ignored="0" total="1" passed="1" failed="0" skipped="0">
  <reporter-output>
  </reporter-output>
  <suite started-at="2024-07-09T22:17:33 IST" name="Default suite" finished-at="2024-07-09T22:17:40 IST" duration-ms="7503">
    <groups>
    </groups>
    <test started-at="2024-07-09T22:17:33 IST" name="Default test" finished-at="2024-07-09T22:17:40 IST" duration-ms="7503">
      <class name="scenario2_dropdown.RedBusDropdown">
        <test-method signature="tesdropdown()[pri:0, instance:scenario2_dropdown.RedBusDropdown@27462a88]" started-at="2024-07-09T22:17:33 IST" name="tesdropdown" finished-at="2024-07-09T22:17:40 IST" duration-ms="7435" status="PASS">
          <reporter-output>
          </reporter-output>
        </test-method> <!-- tesdropdown -->
      </class> <!-- scenario2_dropdown.RedBusDropdown -->
    </test> <!-- Default test -->
  </suite> <!-- Default suite -->
</testng-results>
